<?xml version="1.0" encoding="UTF-8"?>
<testsuite name="com.orange.cat.money_laundering_detector.MoneyLaunderingDetectorApplicationTests" tests="1" skipped="0" failures="0" errors="0" timestamp="2025-07-22T20:34:44.896Z" hostname="MBP-QDX7K3K3HD" time="0.38">
  <properties/>
  <testcase name="contextLoads()" classname="com.orange.cat.money_laundering_detector.MoneyLaunderingDetectorApplicationTests" time="0.38"/>
  <system-out><![CDATA[21:34:44.451 [Test worker] INFO org.springframework.test.context.support.AnnotationConfigContextLoaderUtils -- Could not detect default configuration classes for test class [com.orange.cat.money_laundering_detector.MoneyLaunderingDetectorApplicationTests]: MoneyLaunderingDetectorApplicationTests does not declare any static, non-private, non-final, nested classes annotated with @Configuration.
21:34:44.501 [Test worker] INFO org.springframework.boot.test.context.SpringBootTestContextBootstrapper -- Found @SpringBootConfiguration com.orange.cat.money_laundering_detector.MoneyLaunderingDetectorApplication for test class com.orange.cat.money_laundering_detector.MoneyLaunderingDetectorApplicationTests

  .   ____          _            __ _ _
 /\\ / ___'_ __ _ _(_)_ __  __ _ \ \ \ \
( ( )\___ | '_ | '_| | '_ \/ _` | \ \ \ \
 \\/  ___)| |_)| | | | | || (_| |  ) ) ) )
  '  |____| .__|_| |_|_| |_\__, | / / / /
 =========|_|==============|___/=/_/_/_/

 :: Spring Boot ::                (v3.5.3)

2025-07-22T21:34:44.693+01:00  INFO 37744 --- [money-laundering-detector] [    Test worker] .MoneyLaunderingDetectorApplicationTests : Starting MoneyLaunderingDetectorApplicationTests using Java 17.0.15 with PID 37744 (started by axiong in /Users/axiong/learning/new/money-laundering-detector)
2025-07-22T21:34:44.694+01:00  INFO 37744 --- [money-laundering-detector] [    Test worker] .MoneyLaunderingDetectorApplicationTests : No active profile set, falling back to 1 default profile: "default"
2025-07-22T21:34:44.893+01:00  INFO 37744 --- [money-laundering-detector] [    Test worker] .MoneyLaunderingDetectorApplicationTests : Started MoneyLaunderingDetectorApplicationTests in 0.32 seconds (process running for 0.898)
]]></system-out>
  <system-err><![CDATA[]]></system-err>
</testsuite>
